c:\users\lenovo\desktop\git\calculation\calculation\calculation\debug\vc140.pdb
c:\users\lenovo\desktop\git\calculation\calculation\calculation\debug\vc140.idb
c:\users\lenovo\desktop\git\calculation\calculation\calculation\debug\fraction.obj
c:\users\lenovo\desktop\git\calculation\calculation\calculation\debug\generate.obj
c:\users\lenovo\desktop\git\calculation\calculation\calculation\debug\main.obj
c:\users\lenovo\desktop\git\calculation\calculation\calculation\debug\stack.obj
c:\users\lenovo\desktop\git\calculation\calculation\calculation\debug\verify.obj
c:\users\lenovo\desktop\git\calculation\calculation\debug\calculation.ilk
c:\users\lenovo\desktop\git\calculation\calculation\debug\calculation.exe
c:\users\lenovo\desktop\git\calculation\calculation\debug\calculation.pdb
c:\users\lenovo\desktop\git\calculation\calculation\calculation\debug\deutsch.res
c:\users\lenovo\desktop\git\calculation\calculation\calculation\debug\english.res
c:\users\lenovo\desktop\git\calculation\calculation\calculation\debug\francais.res
c:\users\lenovo\desktop\git\calculation\calculation\calculation\debug\languagelist.res
c:\users\lenovo\desktop\git\calculation\calculation\calculation\debug\中文.res
c:\users\lenovo\desktop\git\calculation\calculation\calculation\debug\日本语.res
c:\users\lenovo\desktop\git\calculation\calculation\calculation\debug\calculation.tlog\cl.command.1.tlog
c:\users\lenovo\desktop\git\calculation\calculation\calculation\debug\calculation.tlog\cl.read.1.tlog
c:\users\lenovo\desktop\git\calculation\calculation\calculation\debug\calculation.tlog\cl.write.1.tlog
c:\users\lenovo\desktop\git\calculation\calculation\calculation\debug\calculation.tlog\link.command.1.tlog
c:\users\lenovo\desktop\git\calculation\calculation\calculation\debug\calculation.tlog\link.read.1.tlog
c:\users\lenovo\desktop\git\calculation\calculation\calculation\debug\calculation.tlog\link.write.1.tlog
c:\users\lenovo\desktop\git\calculation\calculation\calculation\debug\calculation.tlog\rc.command.1.tlog
c:\users\lenovo\desktop\git\calculation\calculation\calculation\debug\calculation.tlog\rc.read.1.tlog
c:\users\lenovo\desktop\git\calculation\calculation\calculation\debug\calculation.tlog\rc.write.1.tlog
